<?xml version="1.0" encoding="UTF-8"?>
<!-- Generated by org.testng.reporters.JUnitReportReporter -->
<testsuite hostname="Ahmed" failures="0" tests="1" name="tests.Project" time="178.924" errors="0" timestamp="2022-08-20T20:28:24 EET" skipped="0">
  <testcase classname="tests.Project" name="automationTaskVOIS" time="178.924"/>
  <system-out/>
</testsuite> <!-- tests.Project -->
