<?xml version="1.0" encoding="UTF-8"?>
<!-- Generated by org.testng.reporters.JUnitReportReporter -->
<testsuite hostname="Ahmed" failures="0" tests="1" name="tests.CreateAnAccountPageTest" time="3.678" errors="0" timestamp="2022-08-20T17:38:09 EET" skipped="0">
  <testcase classname="tests.CreateAnAccountPageTest" name="createAccountSuccessfully" time="3.678"/>
  <system-out/>
</testsuite> <!-- tests.CreateAnAccountPageTest -->
