<?xml version="1.0" encoding="UTF-8"?>
<!-- Generated by org.testng.reporters.JUnitReportReporter -->
<testsuite hostname="Ahmed" failures="0" tests="1" name="tests.SignInTest" time="19.704" errors="0" timestamp="2022-08-20T20:04:11 EET" skipped="0">
  <testcase classname="tests.SignInTest" name="userCanSignInSuccessfully" time="19.704"/>
  <system-out/>
</testsuite> <!-- tests.SignInTest -->
